<?xml version="1.0" encoding="UTF-8"?>
<!-- Generated by org.testng.reporters.JUnitReportReporter -->
<testsuite hostname="DESKTOP-VTK6SV9" failures="0" tests="1" name="selenium003.feronlogin" time="23.062" errors="0" timestamp="2020-12-20T22:04:01 IST" skipped="0">
  <testcase classname="selenium003.feronlogin" name="driver" time="23.062"/>
  <system-out/>
</testsuite> <!-- selenium003.feronlogin -->
