<?xml version="1.0" encoding="UTF-8"?>
<!-- Generated by org.testng.reporters.JUnitReportReporter -->
<testsuite hostname="DESKTOP-VTK6SV9" failures="0" tests="1" name="selenium003.feronextent" time="1.111" errors="0" timestamp="2020-12-15T06:39:26 IST" skipped="0">
  <testcase classname="selenium003.feronextent" name="feronextent" time="1.111"/>
  <system-out/>
</testsuite> <!-- selenium003.feronextent -->
