<?xml version="1.0" encoding="UTF-8"?>
<!-- Generated by org.testng.reporters.JUnitReportReporter -->
<testsuite hostname="DESKTOP-VTK6SV9" failures="0" tests="1" name="selenium003.Crossbrowse" time="13.766" errors="0" timestamp="2020-12-18T13:29:56 IST" skipped="0">
  <testcase classname="selenium003.Crossbrowse" name="LOGin" time="13.766"/>
  <system-out/>
</testsuite> <!-- selenium003.Crossbrowse -->
