<?xml version="1.0" encoding="UTF-8"?>
<!-- Generated by org.testng.reporters.JUnitReportReporter -->
<testsuite hostname="DESKTOP-VTK6SV9" failures="0" tests="2" name="selenium003.Testngbasics" time="0.022" errors="0" timestamp="2020-12-09T12:23:38 IST" skipped="0">
  <testcase classname="selenium003.Testngbasics" name="A" time="0.016"/>
  <system-out/>
  <testcase classname="selenium003.Testngbasics" name="B" time="0.006"/>
  <system-out/>
</testsuite> <!-- selenium003.Testngbasics -->
