<?xml version="1.0" encoding="UTF-8"?>
<!-- Generated by org.testng.reporters.JUnitReportReporter -->
<testsuite hostname="DESKTOP-VTK6SV9" failures="0" tests="4" name="selenium003.Testngpractice" time="0.020" errors="0" timestamp="2020-12-01T12:58:38 IST" skipped="0">
  <testcase classname="selenium003.Testngpractice" name="F" time="0.003"/>
  <system-out/>
  <testcase classname="selenium003.Testngpractice" name="K" time="0.003"/>
  <system-out/>
  <testcase classname="selenium003.Testngpractice" name="B" time="0.012"/>
  <system-out/>
  <testcase classname="selenium003.Testngpractice" name="G" time="0.002"/>
  <system-out/>
</testsuite> <!-- selenium003.Testngpractice -->
