<?xml version="1.0" encoding="UTF-8"?>
<!-- Generated by org.testng.reporters.JUnitReportReporter -->
<testsuite hostname="DESKTOP-VTK6SV9" failures="0" tests="1" name="selenium003.DataDriven" time="0.810" errors="0" timestamp="2020-12-27T04:44:25 IST" skipped="0">
  <testcase classname="selenium003.DataDriven" name="datadrivern" time="0.810"/>
  <system-out/>
</testsuite> <!-- selenium003.DataDriven -->
