<?xml version="1.0" encoding="UTF-8"?>
<!-- Generated by org.testng.reporters.JUnitReportReporter -->
<testsuite hostname="DESKTOP-VTK6SV9" failures="0" tests="1" name="selenium003.Testnglogin" time="30.003" errors="0" timestamp="2020-12-10T12:21:42 IST" skipped="0">
  <testcase classname="selenium003.Testnglogin" name="driver" time="30.003"/>
  <system-out/>
</testsuite> <!-- selenium003.Testnglogin -->
