<?xml version="1.0" encoding="UTF-8"?>
<!-- Generated by org.testng.reporters.JUnitReportReporter -->
<testsuite hostname="DESKTOP-VTK6SV9" failures="0" tests="1" name="Tc_001.feron01" time="58.243" errors="0" timestamp="2020-12-03T12:25:24 IST" skipped="0">
  <testcase classname="Tc_001.feron01" name="driver" time="58.243"/>
  <system-out/>
</testsuite> <!-- Tc_001.feron01 -->
